,number,value,datetime_start,datetime_complete,duration,params_alpha,params_batch_size,params_gamma,params_lambda,params_learning_rate,params_rank,state
0,0,0.49854002230338607,2023-05-11 09:09:44.185356,2023-05-11 09:10:18.007516,0 days 00:00:33.822160,0.1832619845547938,2048,0.08003410758548654,1e-05,0.005,55.0,COMPLETE
1,1,0.49751641888099907,2023-05-11 09:10:18.011428,2023-05-11 09:10:45.686442,0 days 00:00:27.675014,0.16120957227224214,2048,0.06552405971872813,1e-05,0.001,90.0,COMPLETE
2,2,0.736057529614559,2023-05-11 09:10:45.688224,2023-05-11 09:16:43.198446,0 days 00:05:57.510222,0.11613095178849964,1024,0.06877974929188586,0.01,0.01,95.0,COMPLETE
3,3,0.732723357385494,2023-05-11 09:16:43.199741,2023-05-11 09:17:36.950823,0 days 00:00:53.751082,0.1739263579398302,16384,0.01352690130288886,0.1,0.05,30.0,COMPLETE
4,4,0.5013182618528826,2023-05-11 09:17:36.952224,2023-05-11 09:18:03.761577,0 days 00:00:26.809353,0.17163272041185657,1024,0.0360465483652481,0.1,0.005,30.0,COMPLETE
5,5,0.49649291029639564,2023-05-11 09:18:03.765642,2023-05-11 09:18:26.624376,0 days 00:00:22.858734,0.16994792753175042,2048,0.03676932557696203,0.001,0.01,20.0,COMPLETE
6,6,0.5020949922717972,2023-05-11 09:18:26.625653,2023-05-11 09:19:00.128035,0 days 00:00:33.502382,0.1428768700945766,2048,0.02219266578002052,0.01,0.01,85.0,COMPLETE
7,7,0.6599510566805344,2023-05-11 09:19:00.135170,2023-05-11 09:21:27.904189,0 days 00:02:27.769019,0.11494483046579938,1024,0.08813134516313928,0.01,0.1,30.0,COMPLETE
8,8,0.4965221831317396,2023-05-11 09:21:27.909707,2023-05-11 09:21:55.314847,0 days 00:00:27.405140,0.11716296772614405,16384,0.056893294558371645,0.001,0.001,20.0,COMPLETE
9,9,0.5026955999554047,2023-05-11 09:21:55.321538,2023-05-11 09:22:17.366449,0 days 00:00:22.044911,0.17301220295167696,1024,0.03807504959316417,1.0,0.005,10.0,COMPLETE
10,10,0.7487902543586267,2023-05-11 09:22:17.367597,2023-05-11 09:26:00.493029,0 days 00:03:43.125432,0.10277226932479687,8192,0.09812168521331273,0.0001,0.01,70.0,COMPLETE
11,11,0.7487902633297683,2023-05-11 09:26:00.495932,2023-05-11 09:29:36.348466,0 days 00:03:35.852534,0.1005053501002823,8192,0.09810884229837141,0.0001,0.01,70.0,COMPLETE
12,12,0.7477039682876395,2023-05-11 09:29:36.354090,2023-05-11 09:32:55.544548,0 days 00:03:19.190458,0.10127336635506524,8192,0.09769134183929472,0.0001,0.01,65.0,COMPLETE
13,13,0.7487902517954433,2023-05-11 09:32:55.546802,2023-05-11 09:36:07.920143,0 days 00:03:12.373341,0.10101837614194131,8192,0.09764293055279985,0.0001,0.01,70.0,COMPLETE
14,14,0.6844665494116233,2023-05-11 09:36:07.922750,2023-05-11 09:37:24.375743,0 days 00:01:16.452993,0.13562806741099143,4096,0.08279072185095593,0.0001,0.1,75.0,COMPLETE
15,15,0.7199562795767007,2023-05-11 09:37:24.377234,2023-05-11 09:38:38.062402,0 days 00:01:13.685168,0.12886656373859834,8192,0.09706860290478189,0.0001,0.05,55.0,COMPLETE
16,16,0.7469087355297791,2023-05-11 09:38:38.064483,2023-05-11 09:42:33.673891,0 days 00:03:55.609408,0.19980420430479928,8192,0.07316005739485112,0.0001,0.01,45.0,COMPLETE
17,17,0.7504323436684235,2023-05-11 09:42:33.678892,2023-05-11 09:45:56.696235,0 days 00:03:23.017343,0.1005967578926037,8192,0.08950769618448698,1.0,0.01,80.0,COMPLETE
18,18,0.7484626987515431,2023-05-11 09:45:56.700115,2023-05-11 09:49:45.978834,0 days 00:03:49.278719,0.12988007438063337,4096,0.08501960453214082,1.0,0.01,100.0,COMPLETE
19,19,0.7019681844150127,2023-05-11 09:49:45.982833,2023-05-11 09:50:55.927392,0 days 00:01:09.944559,0.1497468983892984,8192,0.07618281855500292,1.0,0.1,80.0,COMPLETE
20,20,0.7217951162765567,2023-05-11 09:50:55.929017,2023-05-11 09:52:07.698105,0 days 00:01:11.769088,0.10886999496205858,8192,0.08877936227482407,1.0,0.05,45.0,COMPLETE
21,21,0.7477039554717229,2023-05-11 09:52:07.700167,2023-05-11 09:55:05.196327,0 days 00:02:57.496160,0.10223151028847362,8192,0.09219270957274749,0.0001,0.01,65.0,COMPLETE
22,22,0.7504323628922985,2023-05-11 09:55:05.201265,2023-05-11 09:58:21.460037,0 days 00:03:16.258772,0.1104434218055916,8192,0.09205782536227086,0.0001,0.01,80.0,COMPLETE
23,23,0.7504933551214854,2023-05-11 09:58:21.462615,2023-05-11 10:01:46.852028,0 days 00:03:25.389413,0.12193517103479379,8192,0.08190092781897905,1.0,0.01,85.0,COMPLETE
24,24,0.750493356403077,2023-05-11 10:01:46.853525,2023-05-11 10:05:10.194169,0 days 00:03:23.340644,0.12360128394513765,8192,0.07870741212674037,1.0,0.01,85.0,COMPLETE
25,25,0.4970588829651102,2023-05-11 10:05:10.195963,2023-05-11 10:05:37.113537,0 days 00:00:26.917574,0.12459181916496709,4096,0.07897029227774695,1.0,0.001,100.0,COMPLETE
26,26,0.7513335627758357,2023-05-11 10:05:37.118651,2023-05-11 10:09:07.724686,0 days 00:03:30.606035,0.12121877002703109,8192,0.07052920683447404,1.0,0.01,90.0,COMPLETE
27,27,0.7513335653390191,2023-05-11 10:09:07.727214,2023-05-11 10:12:38.568246,0 days 00:03:30.841032,0.12276722497143873,8192,0.0659920823711157,1.0,0.01,90.0,COMPLETE
28,28,0.7512944485980546,2023-05-11 10:12:38.574849,2023-05-11 10:15:30.315366,0 days 00:02:51.740517,0.13707866980197803,16384,0.06081890554819291,1.0,0.01,90.0,COMPLETE
29,29,0.7581248503229088,2023-05-11 10:15:30.316859,2023-05-11 10:20:32.492021,0 days 00:05:02.175162,0.13582579575769138,16384,0.06277941064182363,1e-05,0.005,95.0,COMPLETE
30,30,0.7581248567308672,2023-05-11 10:20:32.493418,2023-05-11 10:26:16.460470,0 days 00:05:43.967052,0.1436452004743502,16384,0.051474261741939295,1e-05,0.005,95.0,COMPLETE
31,31,0.7581248528860921,2023-05-11 10:26:16.462395,2023-05-11 10:32:59.952184,0 days 00:06:43.489789,0.14453954797831486,16384,0.052868843962281364,1e-05,0.005,95.0,COMPLETE
32,32,0.49678112744715575,2023-05-11 10:32:59.961483,2023-05-11 10:33:34.928430,0 days 00:00:34.966947,0.14860476895635397,16384,0.05155364094900328,1e-05,0.005,100.0,COMPLETE
33,33,0.7581248503229088,2023-05-11 10:33:34.932399,2023-05-11 10:40:08.424981,0 days 00:06:33.492582,0.1571657204147128,16384,0.0643689174434531,1e-05,0.005,95.0,COMPLETE
34,34,0.7581248477597254,2023-05-11 10:40:08.428949,2023-05-11 10:46:02.639012,0 days 00:05:54.210063,0.1561494538079583,16384,0.05046249580391059,1e-05,0.005,95.0,COMPLETE
35,35,0.7581248554492755,2023-05-11 10:46:02.642038,2023-05-11 10:51:59.547673,0 days 00:05:56.905635,0.1562077165615566,16384,0.06152367804485616,1e-05,0.005,95.0,COMPLETE
36,36,0.49678112744715575,2023-05-11 10:51:59.551969,2023-05-11 10:52:31.576472,0 days 00:00:32.024503,0.14359166231244672,16384,0.06005439459403974,1e-05,0.005,100.0,COMPLETE
37,37,0.7581248516045005,2023-05-11 10:52:31.580773,2023-05-11 10:58:55.366280,0 days 00:06:23.785507,0.16332840371278864,16384,0.048995717171361926,1e-05,0.005,95.0,COMPLETE
38,38,0.7567211498797262,2023-05-11 10:58:55.369788,2023-05-11 11:05:14.718411,0 days 00:06:19.348623,0.16233221528281186,16384,0.046524748668284446,1e-05,0.005,85.0,COMPLETE
39,39,0.7548944319107057,2023-05-11 11:05:14.720435,2023-05-11 11:11:29.038611,0 days 00:06:14.318176,0.16431770721284567,16384,0.054565187295187216,1e-05,0.005,75.0,COMPLETE
40,40,0.7392687792601476,2023-05-11 11:11:29.041100,2023-05-11 11:21:57.717530,0 days 00:10:28.676430,0.1527544077782534,2048,0.04286749038097634,0.1,0.005,60.0,COMPLETE
41,41,0.7581248503229088,2023-05-11 11:21:57.720207,2023-05-11 11:27:58.090351,0 days 00:06:00.370144,0.14315346281253477,16384,0.058202627352794155,1e-05,0.005,95.0,COMPLETE
42,42,0.7581248567308672,2023-05-11 11:27:58.093299,2023-05-11 11:35:05.763275,0 days 00:07:07.669976,0.14636551687517835,16384,0.05382870466442512,1e-05,0.005,95.0,COMPLETE
43,43,0.7574641782824838,2023-05-11 11:35:05.765567,2023-05-11 11:43:22.692716,0 days 00:08:16.927149,0.14721073055750244,16384,0.055146047018478715,1e-05,0.005,90.0,COMPLETE
44,44,0.4967811287287474,2023-05-11 11:43:22.713483,2023-05-11 11:44:00.393653,0 days 00:00:37.680170,0.15526853855038203,16384,0.047985880370366746,1e-05,0.005,100.0,COMPLETE
45,45,0.7574641782824838,2023-05-11 11:44:00.401255,2023-05-11 11:51:39.291802,0 days 00:07:38.890547,0.1657730352645428,16384,0.05365934420016852,0.001,0.005,90.0,COMPLETE
46,46,0.49643500413995123,2023-05-11 11:51:39.298085,2023-05-11 11:53:18.245788,0 days 00:01:38.947703,0.1598890920657272,1024,0.04261416997836439,0.01,0.001,95.0,COMPLETE
47,47,0.7567211460349512,2023-05-11 11:53:18.253680,2023-05-11 12:00:23.435342,0 days 00:07:05.181662,0.15331859271023285,16384,0.05740345118439949,1e-05,0.005,85.0,COMPLETE
48,48,0.5001410891454046,2023-05-11 12:00:23.443215,2023-05-11 12:01:02.646767,0 days 00:00:39.203552,0.1690587938035794,2048,0.06652361864617218,1e-05,0.005,80.0,COMPLETE
49,49,0.733598788305314,2023-05-11 12:01:02.653834,2023-05-11 12:05:20.183606,0 days 00:04:17.529772,0.16012024999923097,16384,0.0608182199048285,0.1,0.05,5.0,COMPLETE
50,50,0.7548944280659308,2023-05-11 12:05:20.185435,2023-05-11 12:12:43.762223,0 days 00:07:23.576788,0.1394730411962797,16384,0.03249726038540954,1e-05,0.005,75.0,COMPLETE
51,51,0.7581248541676838,2023-05-11 12:12:43.767384,2023-05-11 12:20:26.531906,0 days 00:07:42.764522,0.14621732345211405,16384,0.05217062821089315,1e-05,0.005,95.0,COMPLETE
52,52,0.7581248580124589,2023-05-11 12:20:26.536749,2023-05-11 12:27:46.124978,0 days 00:07:19.588229,0.145595586952707,16384,0.05090127948650872,1e-05,0.005,95.0,COMPLETE
53,53,0.7127033101646849,2023-05-11 12:27:46.128566,2023-05-11 12:28:47.000526,0 days 00:01:00.871960,0.146085059409292,16384,0.05281215091768793,1e-05,0.1,100.0,COMPLETE
54,54,0.7322721474060903,2023-05-11 12:28:47.003925,2023-05-11 12:40:10.184609,0 days 00:11:23.180684,0.1516302924631125,1024,0.05440602329259467,0.001,0.005,90.0,COMPLETE
55,55,0.7504091545487389,2023-05-11 12:40:10.190157,2023-05-11 12:49:07.094099,0 days 00:08:56.903942,0.14095049087665676,16384,0.045306018088942746,1e-05,0.005,45.0,COMPLETE
56,56,0.7581248503229088,2023-05-11 12:49:07.098037,2023-05-11 12:56:46.504226,0 days 00:07:39.406189,0.14573972349712713,16384,0.0579516106203617,0.01,0.005,95.0,COMPLETE
57,57,0.501483662792275,2023-05-11 12:56:46.511665,2023-05-11 12:57:27.189488,0 days 00:00:40.677823,0.14822629807381796,4096,0.05116440162797873,1e-05,0.001,85.0,COMPLETE
58,58,0.4965495156372946,2023-05-11 12:57:27.192116,2023-05-11 12:58:04.263815,0 days 00:00:37.071699,0.15121266795295019,16384,0.06360166139410894,1e-05,0.005,20.0,COMPLETE
59,59,0.4969905920713603,2023-05-11 12:58:04.265547,2023-05-11 12:58:37.084330,0 days 00:00:32.818783,0.13330712612918663,2048,0.04874158292913435,1e-05,0.05,35.0,COMPLETE
60,60,0.7168630581159992,2023-05-11 12:58:37.085582,2023-05-11 12:59:46.723653,0 days 00:01:09.638071,0.14181955852611627,16384,0.06843962531029947,0.1,0.1,80.0,COMPLETE
61,61,0.7581248580124589,2023-05-11 12:59:46.735649,2023-05-11 13:07:50.121339,0 days 00:08:03.385690,0.1387914945231462,16384,0.049670326227036946,1e-05,0.005,95.0,COMPLETE
62,62,0.49678113129193074,2023-05-11 13:07:50.157801,2023-05-11 13:08:23.599956,0 days 00:00:33.442155,0.13907173168524362,16384,0.05623816723656605,1e-05,0.005,100.0,COMPLETE
63,63,0.7574641731561171,2023-05-11 13:08:23.602333,2023-05-11 13:17:22.509097,0 days 00:08:58.906764,0.14476322969454924,16384,0.052563620734653496,1e-05,0.005,90.0,COMPLETE
64,64,0.7581248541676838,2023-05-11 13:17:22.511771,2023-05-11 13:23:25.267298,0 days 00:06:02.755527,0.13257049843447768,16384,0.04582873400521712,1e-05,0.005,95.0,COMPLETE
65,65,0.7574641834088506,2023-05-11 13:23:25.274718,2023-05-11 13:29:48.274498,0 days 00:06:22.999780,0.13256760309236437,16384,0.04449330489626914,1e-05,0.005,90.0,COMPLETE
66,66,0.5014427607941135,2023-05-11 13:29:48.276904,2023-05-11 13:30:20.397726,0 days 00:00:32.120822,0.1380117788408221,1024,0.04754209962227155,0.001,0.005,85.0,COMPLETE
67,67,0.4970812006024588,2023-05-11 13:30:20.401465,2023-05-11 13:30:52.230251,0 days 00:00:31.828786,0.15019356945962406,4096,0.04007673460526212,1e-05,0.005,100.0,COMPLETE
68,68,0.4967811287287474,2023-05-11 13:30:52.233090,2023-05-11 13:31:23.199279,0 days 00:00:30.966189,0.14105064414730853,16384,0.05013685867156324,0.01,0.005,100.0,COMPLETE
69,69,0.4973911432952158,2023-05-11 13:31:23.201732,2023-05-11 13:31:54.048447,0 days 00:00:30.846715,0.1338184877871751,16384,0.059889496724612606,1e-05,0.001,90.0,COMPLETE
70,70,0.7567211460349512,2023-05-11 13:31:54.050646,2023-05-11 13:37:28.965285,0 days 00:05:34.914639,0.13759371318045538,16384,0.03967508898757435,1e-05,0.005,85.0,COMPLETE
71,71,0.7581248592940505,2023-05-11 13:37:28.970423,2023-05-11 13:43:13.434462,0 days 00:05:44.464039,0.14425251365631128,16384,0.051473388620451435,1e-05,0.005,95.0,COMPLETE
72,72,0.7581248503229088,2023-05-11 13:43:13.436081,2023-05-11 13:49:03.196159,0 days 00:05:49.760078,0.12911658920545613,16384,0.056241927345494463,1e-05,0.005,95.0,COMPLETE
73,73,0.7581248541676838,2023-05-11 13:49:03.197600,2023-05-11 13:55:07.187606,0 days 00:06:03.990006,0.14763646476563536,16384,0.046406124391816045,1e-05,0.005,95.0,COMPLETE
74,74,0.4967811300103391,2023-05-11 13:55:07.190560,2023-05-11 13:55:40.862384,0 days 00:00:33.671824,0.14261609660859662,16384,0.04976747767014767,1e-05,0.005,100.0,COMPLETE
75,75,0.7307522655516177,2023-05-11 13:55:40.864232,2023-05-11 13:56:50.814690,0 days 00:01:09.950458,0.14029582876153357,16384,0.051647529069662225,1e-05,0.05,90.0,COMPLETE
76,76,0.7142722641642177,2023-05-11 13:56:50.816567,2023-05-11 13:57:47.290056,0 days 00:00:56.473489,0.14975571089771084,16384,0.055566380402680464,1e-05,0.1,95.0,COMPLETE
77,77,0.5001410840190379,2023-05-11 13:57:47.292681,2023-05-11 13:58:24.193654,0 days 00:00:36.900973,0.13596599893126524,2048,0.06256968896318911,1e-05,0.005,80.0,COMPLETE
78,78,0.7567211485981346,2023-05-11 13:58:24.196070,2023-05-11 14:04:08.172937,0 days 00:05:43.976867,0.14713581980553966,16384,0.043859299068460436,1e-05,0.005,85.0,COMPLETE
79,79,0.7548944280659308,2023-05-11 14:04:08.178352,2023-05-11 14:10:03.844374,0 days 00:05:55.666022,0.1549473183405658,16384,0.04759668763831356,0.1,0.005,75.0,COMPLETE
80,80,0.755521610834416,2023-05-11 14:10:03.846560,2023-05-11 14:18:11.947275,0 days 00:08:08.100715,0.14426357986166174,4096,0.04978616649947503,0.0001,0.005,95.0,COMPLETE
81,81,0.7581248580124589,2023-05-11 14:18:11.951313,2023-05-11 14:23:45.135275,0 days 00:05:33.183962,0.14889803572118282,16384,0.04642885785225777,1e-05,0.005,95.0,COMPLETE
82,82,0.4967811287287474,2023-05-11 14:23:45.141161,2023-05-11 14:24:17.327986,0 days 00:00:32.186825,0.15766618027514223,16384,0.04600530618107632,1e-05,0.005,100.0,COMPLETE
83,83,0.7581248541676838,2023-05-11 14:24:17.333295,2023-05-11 14:30:10.620698,0 days 00:05:53.287403,0.15153260906899682,16384,0.05403160818980938,1e-05,0.005,95.0,COMPLETE
84,84,0.7574641821272589,2023-05-11 14:30:10.626721,2023-05-11 14:36:40.447023,0 days 00:06:29.820302,0.14320142664528837,16384,0.058543168675916996,1e-05,0.005,90.0,COMPLETE
85,85,0.7581248503229088,2023-05-11 14:36:40.449193,2023-05-11 14:42:47.005648,0 days 00:06:06.556455,0.14592338482417241,16384,0.052171137676474064,1e-05,0.005,95.0,COMPLETE
86,86,0.49735200348560127,2023-05-11 14:42:47.009409,2023-05-11 14:43:22.031568,0 days 00:00:35.022159,0.15334742993235723,1024,0.04183962372253617,1e-05,0.005,100.0,COMPLETE
87,87,0.7574641808456671,2023-05-11 14:43:22.034247,2023-05-11 14:49:54.627349,0 days 00:06:32.593102,0.14020408913731908,16384,0.04822832960999147,0.001,0.005,90.0,COMPLETE
88,88,0.4973911420136241,2023-05-11 14:49:54.634413,2023-05-11 14:50:26.558473,0 days 00:00:31.924060,0.14901513387669796,16384,0.0456736935696591,1e-05,0.001,90.0,COMPLETE
89,89,0.7567211498797262,2023-05-11 14:50:26.560251,2023-05-11 14:56:19.280106,0 days 00:05:52.719855,0.1373922924183995,16384,0.056250591655724824,1e-05,0.005,85.0,COMPLETE
90,90,0.7581248516045005,2023-05-11 14:56:19.286664,2023-05-11 15:02:03.654479,0 days 00:05:44.367815,0.13119701545291954,16384,0.050968120630256644,1e-05,0.005,95.0,COMPLETE
91,91,0.7581248477597254,2023-05-11 15:02:03.657346,2023-05-11 15:08:09.270776,0 days 00:06:05.613430,0.14941585254551557,16384,0.0466434375475026,1e-05,0.005,95.0,COMPLETE
92,92,0.4967811300103391,2023-05-11 15:08:09.272321,2023-05-11 15:08:41.473455,0 days 00:00:32.201134,0.1471716727351816,16384,0.04466503347241836,1e-05,0.005,100.0,COMPLETE
93,93,0.7581248567308672,2023-05-11 15:08:41.494870,2023-05-11 15:13:54.162563,0 days 00:05:12.667693,0.14497566626293212,16384,0.05473391906864575,0.01,0.005,95.0,COMPLETE
94,94,0.496781122320789,2023-05-11 15:13:54.166012,2023-05-11 15:14:24.520054,0 days 00:00:30.354042,0.14312375290932494,16384,0.05380324945165686,0.01,0.005,100.0,COMPLETE
95,95,0.730752264270026,2023-05-11 15:14:24.521525,2023-05-11 15:15:25.050133,0 days 00:01:00.528608,0.15385058396839216,16384,0.05910537245296633,0.01,0.05,90.0,COMPLETE
96,96,0.7142722628826261,2023-05-11 15:15:25.069126,2023-05-11 15:16:17.461194,0 days 00:00:52.392068,0.1451946428272815,16384,0.05693782088036284,0.01,0.1,95.0,COMPLETE
97,97,0.5044363525999486,2023-05-11 15:16:17.462786,2023-05-11 15:16:50.151761,0 days 00:00:32.688975,0.1353278089604616,2048,0.062125247290802495,0.01,0.005,50.0,COMPLETE
98,98,0.49678112488397236,2023-05-11 15:16:50.155317,2023-05-11 15:17:22.513551,0 days 00:00:32.358234,0.1414361131347796,16384,0.049708824752956876,0.01,0.005,100.0,COMPLETE
99,99,0.7567211460349512,2023-05-11 15:17:22.519774,2023-05-11 15:22:29.653044,0 days 00:05:07.133270,0.1518144699571977,16384,0.05386617029072566,0.1,0.005,85.0,COMPLETE
